ERROR 2025/10/04 10:12:43 forms_builder.go:109: unable to fetch the template module list: record not found
ERROR 2025/10/04 10:18:34 template_menu_controller.go:432: checkmenugroupname  error: record not found
ERROR 2025/10/04 11:11:00 auth_controller.go:947: set new password error: record not found
ERROR 2025/10/04 11:13:42 auth_controller.go:177: CheckLogin error: invalid password
ERROR 2025/10/04 11:28:38 auth_controller.go:177: CheckLogin error: invalid password
ERROR 2025/10/04 11:29:44 auth_controller.go:177: CheckLogin error: invalid password
ERROR 2025/10/04 11:30:58 auth_controller.go:177: CheckLogin error: invalid password
ERROR 2025/10/04 11:31:19 forms_builder.go:109: unable to fetch the template module list: record not found
ERROR 2025/10/04 14:59:45 forms_builder.go:109: unable to fetch the template module list: record not found
ERROR 2025/10/04 14:59:55 forms_builder.go:109: unable to fetch the template module list: record not found
ERROR 2025/10/04 15:41:46 forms_builder.go:109: unable to fetch the template module list: record not found
ERROR 2025/10/04 15:41:57 category_controller.go:679: checkcategorygroupname  error: record not found
ERROR 2025/10/04 15:42:11 category_controller.go:721: CheckSubCategoryName error: record not found
ERROR 2025/10/04 15:42:42 forms_builder.go:109: unable to fetch the template module list: record not found
ERROR 2025/10/04 15:51:48 forms_builder.go:109: unable to fetch the template module list: record not found
ERROR 2025/10/04 15:52:15 entries_controller.go:1175: edit entry get member details error: record not found
ERROR 2025/10/04 15:52:15 entries_controller.go:1181: edit entry get channeldetails error: record not found
ERROR 2025/10/04 15:59:50 forms_builder.go:109: unable to fetch the template module list: record not found
ERROR 2025/10/04 16:17:08 general_settings.go:58: Getting data from general settings Error:record not found
ERROR 2025/10/04 18:36:21 auth_controller.go:177: CheckLogin error: invalid password
ERROR 2025/10/06 10:34:23 category_controller.go:679: checkcategorygroupname  error: record not found
ERROR 2025/10/06 10:34:40 category_controller.go:721: CheckSubCategoryName error: record not found
ERROR 2025/10/06 10:34:47 category_controller.go:721: CheckSubCategoryName error: record not found
ERROR 2025/10/06 10:34:47 category_controller.go:721: CheckSubCategoryName error: record not found
ERROR 2025/10/06 10:35:44 channels_controller.go:1478: Channels checkname error: record not found
ERROR 2025/10/06 10:35:44 channels_controller.go:1478: Channels checkname error: record not found
ERROR 2025/10/06 10:36:43 forms_builder.go:109: unable to fetch the template module list: record not found
ERROR 2025/10/06 10:36:50 forms_builder.go:109: unable to fetch the template module list: record not found
ERROR 2025/10/06 10:36:56 forms_builder.go:1098: unable to fetch the template module list: record not found
ERROR 2025/10/06 10:37:09 forms_builder.go:109: unable to fetch the template module list: record not found
ERROR 2025/10/06 10:37:19 forms_builder.go:109: unable to fetch the template module list: record not found
ERROR 2025/10/06 14:03:16 category_controller.go:679: checkcategorygroupname  error: record not found
ERROR 2025/10/06 14:03:31 category_controller.go:721: CheckSubCategoryName error: record not found
ERROR 2025/10/06 14:03:47 channels_controller.go:1478: Channels checkname error: record not found
ERROR 2025/10/06 14:03:47 channels_controller.go:1478: Channels checkname error: record not found
ERROR 2025/10/06 14:11:11 channels_controller.go:452: getchannel error: %!s(<nil>)
ERROR 2025/10/06 14:11:11 entries_controller.go:1175: edit entry get member details error: record not found
ERROR 2025/10/06 14:37:54 forms_builder.go:109: unable to fetch the template module list: record not found
ERROR 2025/10/06 14:40:03 forms_builder.go:109: unable to fetch the template module list: record not found
ERROR 2025/10/06 14:40:23 forms_builder.go:109: unable to fetch the template module list: record not found
ERROR 2025/10/06 14:41:18 template_menu_controller.go:162: courselist error :Error 1146 (42S02): Table 'Community.tbl_courses' doesn't exist
ERROR 2025/10/06 14:41:31 template_menu_controller.go:162: courselist error :Error 1146 (42S02): Table 'Community.tbl_courses' doesn't exist
ERROR 2025/10/06 14:41:31 template_menu_controller.go:162: courselist error :Error 1146 (42S02): Table 'Community.tbl_courses' doesn't exist
ERROR 2025/10/06 15:14:44 auth_controller.go:177: CheckLogin error: invalid password
ERROR 2025/10/06 15:21:38 auth_controller.go:177: CheckLogin error: invalid password
ERROR 2025/10/06 15:22:11 auth_controller.go:177: CheckLogin error: invalid password
ERROR 2025/10/06 15:27:59 ai_assistance_controller.go:340: createEntry channel data error: record not found
ERROR 2025/10/06 16:49:06 forms_builder.go:109: unable to fetch the template module list: record not found
ERROR 2025/10/06 16:58:20 category_controller.go:679: checkcategorygroupname  error: record not found
ERROR 2025/10/06 16:58:33 category_controller.go:721: CheckSubCategoryName error: record not found
ERROR 2025/10/06 16:58:47 channels_controller.go:1478: Channels checkname error: record not found
ERROR 2025/10/06 16:58:47 channels_controller.go:1478: Channels checkname error: record not found
ERROR 2025/10/06 16:59:38 channels_controller.go:452: getchannel error: %!s(<nil>)
ERROR 2025/10/06 16:59:38 entries_controller.go:1146: edit entry get member details error: record not found
ERROR 2025/10/06 16:59:40 forms_builder.go:109: unable to fetch the template module list: record not found
ERROR 2025/10/06 16:59:54 forms_builder.go:1098: unable to fetch the template module list: record not found
ERROR 2025/10/06 17:00:27 forms_builder.go:109: unable to fetch the template module list: record not found
ERROR 2025/10/13 17:54:02 auth_controller.go:177: CheckLogin error: record not found
ERROR 2025/10/13 17:55:07 entries_controller.go:239: create Entry authorization error: Unauthorized
ERROR 2025/10/13 17:56:29 entries_controller.go:239: create Entry authorization error: Unauthorized
ERROR 2025/10/13 17:56:42 entries_controller.go:855: publish entry authorization error: Unauthorized
ERROR 2025/10/13 17:56:42 entries_controller.go:557: all entries authorization error: Unauthorized
ERROR 2025/10/13 17:56:44 entries_controller.go:239: create Entry authorization error: Unauthorized
ERROR 2025/10/13 18:02:55 channels_controller.go:1478: Channels checkname error: record not found
ERROR 2025/10/13 18:02:55 channels_controller.go:1478: Channels checkname error: record not found
ERROR 2025/10/13 18:03:16 roles_permission_controller.go:326: check roles error: record not found
ERROR 2025/10/13 18:03:25 roles_permission_controller.go:326: check roles error: record not found
ERROR 2025/10/13 18:03:28 entries_controller.go:239: create Entry authorization error: Unauthorized
ERROR 2025/10/13 18:09:44 channels_controller.go:1478: Channels checkname error: record not found
ERROR 2025/10/13 18:09:44 channels_controller.go:1478: Channels checkname error: record not found
ERROR 2025/10/13 18:13:07 channels_controller.go:1478: Channels checkname error: record not found
ERROR 2025/10/13 18:13:07 channels_controller.go:1478: Channels checkname error: record not found
ERROR 2025/10/13 18:13:28 roles_permission_controller.go:326: check roles error: record not found
ERROR 2025/10/13 18:13:33 entries_controller.go:239: create Entry authorization error: Unauthorized
ERROR 2025/10/13 18:13:48 channels_controller.go:1478: Channels checkname error: record not found
ERROR 2025/10/13 18:13:48 channels_controller.go:1478: Channels checkname error: record not found
ERROR 2025/10/13 18:13:53 entries_controller.go:239: create Entry authorization error: Unauthorized
ERROR 2025/10/13 18:14:01 entries_controller.go:239: create Entry authorization error: Unauthorized
ERROR 2025/10/13 18:14:29 entries_controller.go:239: create Entry authorization error: Unauthorized
ERROR 2025/10/13 18:14:35 entries_controller.go:239: create Entry authorization error: Unauthorized
ERROR 2025/10/13 18:16:37 channels_controller.go:1478: Channels checkname error: record not found
ERROR 2025/10/13 18:16:37 channels_controller.go:1478: Channels checkname error: record not found
ERROR 2025/10/13 18:16:52 entries_controller.go:239: create Entry authorization error: Unauthorized
ERROR 2025/10/13 18:16:55 entries_controller.go:239: create Entry authorization error: Unauthorized
ERROR 2025/10/13 18:16:58 entries_controller.go:239: create Entry authorization error: Unauthorized
ERROR 2025/10/13 18:17:42 entries_controller.go:239: create Entry authorization error: Unauthorized
ERROR 2025/10/13 18:18:22 entries_controller.go:239: create Entry authorization error: Unauthorized
ERROR 2025/10/13 18:22:01 entries_controller.go:239: create Entry authorization error: Unauthorized
ERROR 2025/10/13 18:22:47 channels_controller.go:1478: Channels checkname error: record not found
ERROR 2025/10/13 18:22:47 channels_controller.go:1478: Channels checkname error: record not found
ERROR 2025/10/13 18:24:11 channels_controller.go:1478: Channels checkname error: record not found
ERROR 2025/10/13 18:24:11 channels_controller.go:1478: Channels checkname error: record not found
ERROR 2025/10/13 18:24:31 channels_controller.go:1478: Channels checkname error: record not found
ERROR 2025/10/13 18:24:31 channels_controller.go:1478: Channels checkname error: record not found
ERROR 2025/10/13 18:24:44 channels_controller.go:1478: Channels checkname error: record not found
ERROR 2025/10/13 18:24:44 channels_controller.go:1478: Channels checkname error: record not found
ERROR 2025/10/13 18:25:16 channels_controller.go:1478: Channels checkname error: record not found
ERROR 2025/10/13 18:25:16 channels_controller.go:1478: Channels checkname error: record not found
ERROR 2025/10/13 18:35:32 auth_controller.go:177: CheckLogin error: record not found
ERROR 2025/10/13 18:35:43 entries_controller.go:239: create Entry authorization error: Unauthorized
ERROR 2025/10/13 18:41:31 entries_controller.go:239: create Entry authorization error: Unauthorized
ERROR 2025/10/13 18:41:31 entries_controller.go:239: create Entry authorization error: Unauthorized
ERROR 2025/10/13 18:41:31 entries_controller.go:239: create Entry authorization error: Unauthorized
ERROR 2025/10/13 18:41:32 entries_controller.go:239: create Entry authorization error: Unauthorized
ERROR 2025/10/13 18:41:32 entries_controller.go:239: create Entry authorization error: Unauthorized
ERROR 2025/10/13 18:41:32 entries_controller.go:239: create Entry authorization error: Unauthorized
ERROR 2025/10/13 18:41:32 entries_controller.go:239: create Entry authorization error: Unauthorized
ERROR 2025/10/13 18:41:32 entries_controller.go:239: create Entry authorization error: Unauthorized
ERROR 2025/10/13 18:41:32 entries_controller.go:239: create Entry authorization error: Unauthorized
ERROR 2025/10/13 18:41:32 entries_controller.go:239: create Entry authorization error: Unauthorized
ERROR 2025/10/13 18:41:43 entries_controller.go:857: publish entry authorization error: Unauthorized
ERROR 2025/10/13 18:41:43 entries_controller.go:559: all entries authorization error: Unauthorized
ERROR 2025/10/13 18:43:05 entries_controller.go:1152: edit entry get member details error: record not found
ERROR 2025/10/13 18:43:05 entries_controller.go:1158: edit entry get channeldetails error: record not found
ERROR 2025/10/13 18:43:55 entries_controller.go:1152: edit entry get member details error: record not found
ERROR 2025/10/13 18:43:55 entries_controller.go:1158: edit entry get channeldetails error: record not found
ERROR 2025/10/13 18:44:19 entries_controller.go:559: all entries authorization error: Unauthorized
ERROR 2025/10/13 18:44:39 entries_controller.go:1152: edit entry get member details error: record not found
ERROR 2025/10/13 18:46:39 entries_controller.go:1152: edit entry get member details error: record not found
ERROR 2025/10/13 18:46:48 entries_controller.go:1152: edit entry get member details error: record not found
ERROR 2025/10/13 18:47:02 entries_controller.go:559: all entries authorization error: Unauthorized
ERROR 2025/10/13 18:47:06 entries_controller.go:147: Entries authorization error: Unauthorized
ERROR 2025/10/13 18:47:06 entries_controller.go:1116: edit entry authorization error: Unauthorized
ERROR 2025/10/13 18:47:06 entries_controller.go:1152: edit entry get member details error: record not found
ERROR 2025/10/13 18:47:06 entries_controller.go:1158: edit entry get channeldetails error: record not found
ERROR 2025/10/13 18:51:26 entries_controller.go:239: create Entry authorization error: Unauthorized
ERROR 2025/10/13 18:51:27 entries_controller.go:1195: channelfield  error: Unauthorized
ERROR 2025/10/13 18:51:32 entries_controller.go:857: publish entry authorization error: Unauthorized
ERROR 2025/10/13 18:51:32 entries_controller.go:559: all entries authorization error: Unauthorized
ERROR 2025/10/13 18:51:41 entries_controller.go:147: Entries authorization error: Unauthorized
ERROR 2025/10/13 18:51:41 entries_controller.go:1116: edit entry authorization error: Unauthorized
ERROR 2025/10/13 18:51:41 entries_controller.go:1152: edit entry get member details error: record not found
ERROR 2025/10/13 18:51:41 entries_controller.go:1158: edit entry get channeldetails error: record not found
ERROR 2025/10/13 18:58:29 entries_controller.go:147: Entries authorization error: Unauthorized
ERROR 2025/10/13 18:58:30 entries_controller.go:1116: edit entry authorization error: Unauthorized
ERROR 2025/10/13 18:58:30 entries_controller.go:1152: edit entry get member details error: record not found
ERROR 2025/10/13 18:58:30 entries_controller.go:1158: edit entry get channeldetails error: record not found
ERROR 2025/10/13 18:58:42 entries_controller.go:147: Entries authorization error: Unauthorized
ERROR 2025/10/13 18:58:43 entries_controller.go:1116: edit entry authorization error: Unauthorized
ERROR 2025/10/13 18:58:43 entries_controller.go:1152: edit entry get member details error: record not found
ERROR 2025/10/13 18:58:43 entries_controller.go:1158: edit entry get channeldetails error: record not found
ERROR 2025/10/13 18:58:44 entries_controller.go:559: all entries authorization error: Unauthorized
ERROR 2025/10/13 18:58:48 entries_controller.go:147: Entries authorization error: Unauthorized
ERROR 2025/10/13 18:58:49 entries_controller.go:1116: edit entry authorization error: Unauthorized
ERROR 2025/10/13 18:58:49 entries_controller.go:1152: edit entry get member details error: record not found
ERROR 2025/10/13 18:58:49 entries_controller.go:1158: edit entry get channeldetails error: record not found
ERROR 2025/10/13 18:58:53 entries_controller.go:559: all entries authorization error: Unauthorized
ERROR 2025/10/13 18:58:55 entries_controller.go:147: Entries authorization error: Unauthorized
ERROR 2025/10/13 18:58:55 entries_controller.go:1116: edit entry authorization error: Unauthorized
ERROR 2025/10/13 18:58:55 entries_controller.go:1152: edit entry get member details error: record not found
ERROR 2025/10/13 18:58:55 entries_controller.go:1158: edit entry get channeldetails error: record not found
ERROR 2025/10/13 18:59:13 entries_controller.go:559: all entries authorization error: Unauthorized
ERROR 2025/10/13 18:59:16 entries_controller.go:1030: edit entry page authorization error: Unauthorized
ERROR 2025/10/13 18:59:19 channels_controller.go:438: getfieldata authorization error: Unauthorized
ERROR 2025/10/13 18:59:19 entries_controller.go:1195: channelfield  error: Unauthorized
ERROR 2025/10/13 18:59:19 entries_controller.go:1116: edit entry authorization error: Unauthorized
ERROR 2025/10/13 18:59:19 entries_controller.go:1152: edit entry get member details error: record not found
ERROR 2025/10/13 18:59:22 entries_controller.go:857: publish entry authorization error: Unauthorized
ERROR 2025/10/13 18:59:22 entries_controller.go:559: all entries authorization error: Unauthorized
ERROR 2025/10/13 18:59:34 entries_controller.go:147: Entries authorization error: Unauthorized
ERROR 2025/10/13 18:59:35 entries_controller.go:1116: edit entry authorization error: Unauthorized
ERROR 2025/10/13 18:59:35 entries_controller.go:1152: edit entry get member details error: record not found
ERROR 2025/10/13 18:59:35 entries_controller.go:1158: edit entry get channeldetails error: record not found
ERROR 2025/10/13 19:03:40 entries_controller.go:147: Entries authorization error: Unauthorized
ERROR 2025/10/13 19:03:43 entries_controller.go:1115: edit entry authorization error: Unauthorized
ERROR 2025/10/13 19:03:43 entries_controller.go:1151: edit entry get member details error: record not found
ERROR 2025/10/13 19:03:43 entries_controller.go:1157: edit entry get channeldetails error: record not found
ERROR 2025/10/13 19:03:44 entries_controller.go:558: all entries authorization error: Unauthorized
ERROR 2025/10/13 19:03:51 entries_controller.go:1151: edit entry get member details error: record not found
ERROR 2025/10/13 19:15:11 channels_controller.go:1207: Channels checkname error: record not found
ERROR 2025/10/13 19:15:11 channels_controller.go:1207: Channels checkname error: record not found
ERROR 2025/10/14 10:29:50 roles_permission_controller.go:326: check roles error: record not found
ERROR 2025/10/14 10:31:18 roles_permission_controller.go:326: check roles error: record not found
ERROR 2025/10/14 10:42:39 roles_permission_controller.go:326: check roles error: record not found
ERROR 2025/10/14 10:45:12 channels_controller.go:1213: Channels checkname error: record not found
ERROR 2025/10/14 10:45:12 channels_controller.go:1213: Channels checkname error: record not found
ERROR 2025/10/14 10:45:35 roles_permission_controller.go:326: check roles error: record not found
ERROR 2025/10/14 10:45:53 channels_controller.go:1213: Channels checkname error: record not found
ERROR 2025/10/14 10:45:53 channels_controller.go:1213: Channels checkname error: record not found
ERROR 2025/10/14 10:46:26 roles_permission_controller.go:326: check roles error: record not found
ERROR 2025/10/14 10:47:15 channels_controller.go:1213: Channels checkname error: record not found
ERROR 2025/10/14 10:47:15 channels_controller.go:1213: Channels checkname error: record not found
ERROR 2025/10/14 10:47:41 roles_permission_controller.go:326: check roles error: record not found
ERROR 2025/10/14 10:59:02 auth_controller.go:177: CheckLogin error: record not found
ERROR 2025/10/14 10:59:09 auth_controller.go:177: CheckLogin error: record not found
ERROR 2025/10/14 10:59:16 auth_controller.go:177: CheckLogin error: record not found
ERROR 2025/10/14 10:59:28 auth_controller.go:177: CheckLogin error: record not found
ERROR 2025/10/14 10:59:35 auth_controller.go:177: CheckLogin error: record not found
ERROR 2025/10/14 10:59:55 auth_controller.go:177: CheckLogin error: record not found
ERROR 2025/10/14 11:00:07 auth_controller.go:177: CheckLogin error: record not found
ERROR 2025/10/14 11:00:29 auth_controller.go:177: CheckLogin error: record not found
ERROR 2025/10/14 11:00:44 auth_controller.go:177: CheckLogin error: record not found
ERROR 2025/10/14 11:02:56 entries_controller.go:239: create Entry authorization error: Unauthorized
ERROR 2025/10/14 11:49:50 roles_permission_controller.go:326: check roles error: record not found
ERROR 2025/10/14 11:50:13 user_controller.go:323: check email error: record not found
ERROR 2025/10/14 11:50:13 user_controller.go:342: check number error: record not found
ERROR 2025/10/14 11:50:14 user_controller.go:305: Create Team email notification status not enabled
ERROR 2025/10/14 11:50:32 entries_controller.go:239: create Entry authorization error: Unauthorized
ERROR 2025/10/14 11:50:32 entries_controller.go:257: createEntry channel data error: record not found
ERROR 2025/10/14 11:50:32 entries_controller.go:298: block collection list authorization error: Unauthorized
ERROR 2025/10/14 11:50:32 entries_controller.go:302: block authorization error: Unauthorized
ERROR 2025/10/14 11:52:59 entries_controller.go:239: create Entry authorization error: Unauthorized
ERROR 2025/10/14 11:52:59 entries_controller.go:298: block collection list authorization error: Unauthorized
ERROR 2025/10/14 11:52:59 entries_controller.go:302: block authorization error: Unauthorized
ERROR 2025/10/14 11:56:04 entries_controller.go:239: create Entry authorization error: Unauthorized
ERROR 2025/10/14 11:56:04 entries_controller.go:298: block collection list authorization error: Unauthorized
ERROR 2025/10/14 11:56:04 entries_controller.go:302: block authorization error: Unauthorized
ERROR 2025/10/14 11:57:25 entries_controller.go:239: create Entry authorization error: Unauthorized
ERROR 2025/10/14 11:57:25 entries_controller.go:298: block collection list authorization error: Unauthorized
ERROR 2025/10/14 11:57:25 entries_controller.go:302: block authorization error: Unauthorized
ERROR 2025/10/14 12:00:47 entries_controller.go:239: create Entry authorization error: Unauthorized
ERROR 2025/10/14 12:00:47 entries_controller.go:293: block collection list authorization error: Unauthorized
ERROR 2025/10/14 12:00:47 entries_controller.go:297: block authorization error: Unauthorized
ERROR 2025/10/14 12:01:31 entries_controller.go:238: create Entry authorization error: Unauthorized
ERROR 2025/10/14 12:01:31 entries_controller.go:292: block collection list authorization error: Unauthorized
ERROR 2025/10/14 12:01:31 entries_controller.go:296: block authorization error: Unauthorized
ERROR 2025/10/14 12:02:18 entries_controller.go:238: create Entry authorization error: Unauthorized
ERROR 2025/10/14 12:02:18 entries_controller.go:292: block collection list authorization error: Unauthorized
ERROR 2025/10/14 12:02:18 entries_controller.go:296: block authorization error: Unauthorized
ERROR 2025/10/14 12:03:07 roles_permission_controller.go:326: check roles error: record not found
ERROR 2025/10/14 12:03:12 entries_controller.go:238: create Entry authorization error: Unauthorized
ERROR 2025/10/14 12:10:27 roles_permission_controller.go:326: check roles error: record not found
ERROR 2025/10/14 12:10:36 entries_controller.go:238: create Entry authorization error: Unauthorized
ERROR 2025/10/14 12:10:36 entries_controller.go:292: block collection list authorization error: Unauthorized
ERROR 2025/10/14 12:11:02 entries_controller.go:238: create Entry authorization error: Unauthorized
ERROR 2025/10/14 12:11:02 entries_controller.go:292: block collection list authorization error: Unauthorized
ERROR 2025/10/14 12:11:33 entries_controller.go:238: create Entry authorization error: Unauthorized
ERROR 2025/10/14 12:11:33 entries_controller.go:292: block collection list authorization error: Unauthorized
ERROR 2025/10/14 12:11:40 entries_controller.go:238: create Entry authorization error: Unauthorized
ERROR 2025/10/14 12:11:40 entries_controller.go:292: block collection list authorization error: Unauthorized
ERROR 2025/10/14 12:16:16 roles_permission_controller.go:326: check roles error: record not found
ERROR 2025/10/14 12:16:20 entries_controller.go:238: create Entry authorization error: Unauthorized
ERROR 2025/10/14 12:16:20 entries_controller.go:292: block collection list authorization error: Unauthorized
ERROR 2025/10/14 12:16:47 roles_permission_controller.go:326: check roles error: record not found
ERROR 2025/10/14 12:16:56 roles_permission_controller.go:326: check roles error: record not found
ERROR 2025/10/14 12:17:00 entries_controller.go:238: create Entry authorization error: Unauthorized
ERROR 2025/10/14 12:17:00 entries_controller.go:292: block collection list authorization error: Unauthorized
ERROR 2025/10/14 12:18:43 entries_controller.go:238: create Entry authorization error: Unauthorized
ERROR 2025/10/14 12:18:43 entries_controller.go:292: block collection list authorization error: Unauthorized
ERROR 2025/10/14 12:18:44 entries_controller.go:238: create Entry authorization error: Unauthorized
ERROR 2025/10/14 12:18:44 entries_controller.go:292: block collection list authorization error: Unauthorized
ERROR 2025/10/14 12:18:46 entries_controller.go:1162: channelfield  error: Unauthorized
ERROR 2025/10/14 12:18:49 entries_controller.go:824: publish entry authorization error: Unauthorized
ERROR 2025/10/14 12:18:49 entries_controller.go:526: all entries authorization error: Unauthorized
ERROR 2025/10/14 12:18:58 entries_controller.go:238: create Entry authorization error: Unauthorized
ERROR 2025/10/14 12:18:58 entries_controller.go:292: block collection list authorization error: Unauthorized
ERROR 2025/10/14 12:18:59 entries_controller.go:1162: channelfield  error: Unauthorized
ERROR 2025/10/14 12:19:20 roles_permission_controller.go:326: check roles error: record not found
ERROR 2025/10/14 12:19:23 entries_controller.go:238: create Entry authorization error: Unauthorized
ERROR 2025/10/14 12:19:23 entries_controller.go:292: block collection list authorization error: Unauthorized
ERROR 2025/10/14 12:19:24 entries_controller.go:238: create Entry authorization error: Unauthorized
ERROR 2025/10/14 12:19:24 entries_controller.go:292: block collection list authorization error: Unauthorized
ERROR 2025/10/14 12:19:26 entries_controller.go:1162: channelfield  error: Unauthorized
ERROR 2025/10/14 12:19:30 entries_controller.go:238: create Entry authorization error: Unauthorized
ERROR 2025/10/14 12:19:30 entries_controller.go:292: block collection list authorization error: Unauthorized
ERROR 2025/10/14 12:19:31 entries_controller.go:238: create Entry authorization error: Unauthorized
ERROR 2025/10/14 12:19:31 entries_controller.go:292: block collection list authorization error: Unauthorized
ERROR 2025/10/14 12:19:34 entries_controller.go:1162: channelfield  error: Unauthorized
ERROR 2025/10/14 12:19:41 entries_controller.go:824: publish entry authorization error: Unauthorized
ERROR 2025/10/14 12:19:41 entries_controller.go:526: all entries authorization error: Unauthorized
ERROR 2025/10/14 12:19:52 entries_controller.go:238: create Entry authorization error: Unauthorized
ERROR 2025/10/14 12:19:52 entries_controller.go:256: createEntry channel data error: record not found
ERROR 2025/10/14 12:19:52 entries_controller.go:292: block collection list authorization error: Unauthorized
ERROR 2025/10/14 12:21:38 entries_controller.go:238: create Entry authorization error: Unauthorized
ERROR 2025/10/14 12:21:38 entries_controller.go:292: block collection list authorization error: Unauthorized
ERROR 2025/10/14 12:21:39 entries_controller.go:1162: channelfield  error: Unauthorized
ERROR 2025/10/14 12:21:55 channels_controller.go:1213: Channels checkname error: record not found
ERROR 2025/10/14 12:21:55 channels_controller.go:1213: Channels checkname error: record not found
ERROR 2025/10/14 12:22:26 roles_permission_controller.go:326: check roles error: record not found
ERROR 2025/10/14 12:22:31 entries_controller.go:238: create Entry authorization error: Unauthorized
ERROR 2025/10/14 12:22:31 entries_controller.go:292: block collection list authorization error: Unauthorized
ERROR 2025/10/14 12:22:33 entries_controller.go:1162: channelfield  error: Unauthorized
ERROR 2025/10/14 12:22:34 entries_controller.go:238: create Entry authorization error: Unauthorized
ERROR 2025/10/14 12:22:34 entries_controller.go:292: block collection list authorization error: Unauthorized
ERROR 2025/10/14 12:22:36 entries_controller.go:1162: channelfield  error: Unauthorized
ERROR 2025/10/14 12:22:40 entries_controller.go:1162: channelfield  error: Unauthorized
ERROR 2025/10/14 12:23:09 entries_controller.go:526: all entries authorization error: Unauthorized
ERROR 2025/10/14 12:23:54 entries_controller.go:238: create Entry authorization error: Unauthorized
ERROR 2025/10/14 12:23:54 entries_controller.go:292: block collection list authorization error: Unauthorized
ERROR 2025/10/14 12:23:56 entries_controller.go:1162: channelfield  error: Unauthorized
ERROR 2025/10/14 12:23:58 channels_controller.go:234: createchannel authorization error: Unauthorized
ERROR 2025/10/14 12:24:00 entries_controller.go:238: create Entry authorization error: Unauthorized
ERROR 2025/10/14 12:24:00 entries_controller.go:292: block collection list authorization error: Unauthorized
ERROR 2025/10/14 12:24:02 entries_controller.go:1162: channelfield  error: Unauthorized
ERROR 2025/10/14 12:28:18 entries_controller.go:238: create Entry authorization error: Unauthorized
ERROR 2025/10/14 12:28:18 entries_controller.go:292: block collection list authorization error: Unauthorized
ERROR 2025/10/14 12:28:19 entries_controller.go:1144: channelfield  error: Unauthorized
ERROR 2025/10/14 12:28:24 entries_controller.go:806: publish entry authorization error: Unauthorized
ERROR 2025/10/14 12:28:24 entries_controller.go:526: all entries authorization error: Unauthorized
ERROR 2025/10/14 12:28:30 entries_controller.go:238: create Entry authorization error: Unauthorized
ERROR 2025/10/14 12:28:30 entries_controller.go:292: block collection list authorization error: Unauthorized
ERROR 2025/10/14 12:28:32 entries_controller.go:1144: channelfield  error: Unauthorized
ERROR 2025/10/14 12:41:12 entries_controller.go:238: create Entry authorization error: Unauthorized
ERROR 2025/10/14 12:41:12 entries_controller.go:292: block collection list authorization error: Unauthorized
ERROR 2025/10/14 12:41:13 entries_controller.go:1144: channelfield  error: Unauthorized
ERROR 2025/10/14 12:45:42 forms_builder.go:109: unable to fetch the template module list: record not found
ERROR 2025/10/14 13:04:13 roles_permission_controller.go:326: check roles error: record not found
ERROR 2025/10/14 13:04:38 user_controller.go:323: check email error: record not found
ERROR 2025/10/14 13:04:38 user_controller.go:342: check number error: record not found
ERROR 2025/10/14 13:04:39 user_controller.go:305: Create Team email notification status not enabled
ERROR 2025/10/14 13:05:24 auth_controller.go:177: CheckLogin error: user disabled please contact admin
ERROR 2025/10/14 13:08:08 channels_controller.go:395: editchannel authorization error: Unauthorized
ERROR 2025/10/14 13:08:13 channels_controller.go:395: editchannel authorization error: Unauthorized
ERROR 2025/10/14 13:08:17 entries_controller.go:238: create Entry authorization error: Unauthorized
ERROR 2025/10/14 13:08:17 entries_controller.go:292: block collection list authorization error: Unauthorized
ERROR 2025/10/14 13:08:18 entries_controller.go:1144: channelfield  error: Unauthorized
ERROR 2025/10/14 13:08:31 entries_controller.go:806: publish entry authorization error: Unauthorized
ERROR 2025/10/14 13:08:31 entries_controller.go:526: all entries authorization error: Unauthorized
ERROR 2025/10/14 13:08:34 entries_controller.go:979: edit entry page authorization error: Unauthorized
ERROR 2025/10/14 13:08:36 channels_controller.go:438: getfieldata authorization error: Unauthorized
ERROR 2025/10/14 13:08:36 entries_controller.go:1065: edit entry authorization error: Unauthorized
ERROR 2025/10/14 13:08:36 entries_controller.go:1144: channelfield  error: Unauthorized
ERROR 2025/10/14 13:08:36 entries_controller.go:1101: edit entry get member details error: record not found
ERROR 2025/10/14 13:08:39 entries_controller.go:806: publish entry authorization error: Unauthorized
ERROR 2025/10/14 13:08:40 entries_controller.go:526: all entries authorization error: Unauthorized
ERROR 2025/10/14 13:09:10 entries_controller.go:147: Entries authorization error: Unauthorized
ERROR 2025/10/14 13:09:11 entries_controller.go:1065: edit entry authorization error: Unauthorized
ERROR 2025/10/14 13:09:11 entries_controller.go:1101: edit entry get member details error: record not found
ERROR 2025/10/14 13:09:11 entries_controller.go:1107: edit entry get channeldetails error: record not found
ERROR 2025/10/14 14:29:44 roles_permission_controller.go:326: check roles error: record not found
ERROR 2025/10/14 14:30:32 entries_controller.go:238: create Entry authorization error: Unauthorized
ERROR 2025/10/14 14:30:32 entries_controller.go:256: createEntry channel data error: record not found
ERROR 2025/10/14 14:30:32 entries_controller.go:292: block collection list authorization error: Unauthorized
ERROR 2025/10/14 14:36:13 roles_permission_controller.go:326: check roles error: record not found
ERROR 2025/10/14 14:36:46 user_controller.go:323: check email error: record not found
ERROR 2025/10/14 14:36:46 user_controller.go:342: check number error: record not found
ERROR 2025/10/14 14:36:47 user_controller.go:305: Create Team email notification status not enabled
ERROR 2025/10/14 14:39:17 entries_controller.go:238: create Entry authorization error: Unauthorized
ERROR 2025/10/14 14:39:17 entries_controller.go:242: Entries authorization error: Unauthorized
ERROR 2025/10/14 14:39:31 roles_permission_controller.go:326: check roles error: record not found
ERROR 2025/10/14 14:39:36 entries_controller.go:238: create Entry authorization error: Unauthorized
ERROR 2025/10/14 14:39:36 entries_controller.go:242: Entries authorization error: Unauthorized
ERROR 2025/10/14 14:39:39 entries_controller.go:238: create Entry authorization error: Unauthorized
ERROR 2025/10/14 14:39:39 entries_controller.go:242: Entries authorization error: Unauthorized
ERROR 2025/10/14 14:45:16 entries_controller.go:238: create Entry authorization error: Unauthorized
ERROR 2025/10/14 14:45:17 entries_controller.go:290: block collection list authorization error: Unauthorized
ERROR 2025/10/14 14:45:18 entries_controller.go:1142: channelfield  error: Unauthorized
ERROR 2025/10/14 14:45:28 channels_controller.go:234: createchannel authorization error: Unauthorized
ERROR 2025/10/14 14:45:44 entries_controller.go:238: create Entry authorization error: Unauthorized
ERROR 2025/10/14 14:45:44 entries_controller.go:290: block collection list authorization error: Unauthorized
ERROR 2025/10/14 14:45:45 entries_controller.go:1142: channelfield  error: Unauthorized
ERROR 2025/10/14 14:47:39 roles_permission_controller.go:326: check roles error: record not found
ERROR 2025/10/14 14:47:42 entries_controller.go:237: create Entry authorization error: Unauthorized
ERROR 2025/10/14 14:47:42 entries_controller.go:295: block collection list authorization error: Unauthorized
ERROR 2025/10/14 14:47:46 entries_controller.go:237: create Entry authorization error: Unauthorized
ERROR 2025/10/14 14:47:46 entries_controller.go:295: block collection list authorization error: Unauthorized
ERROR 2025/10/14 14:47:52 entries_controller.go:237: create Entry authorization error: Unauthorized
ERROR 2025/10/14 14:47:52 entries_controller.go:242: Entries authorization error: Unauthorized
ERROR 2025/10/14 14:48:13 entries_controller.go:237: create Entry authorization error: Unauthorized
ERROR 2025/10/14 14:48:13 entries_controller.go:295: block collection list authorization error: Unauthorized
ERROR 2025/10/14 15:20:29 auth_controller.go:177: CheckLogin error: user disabled please contact admin
ERROR 2025/10/14 15:21:07 auth_controller.go:177: CheckLogin error: user disabled please contact admin
ERROR 2025/10/14 17:27:30 user_controller.go:323: check email error: record not found
ERROR 2025/10/14 17:27:30 user_controller.go:342: check number error: record not found
ERROR 2025/10/14 18:31:53 general_settings.go:58: Getting data from general settings Error:record not found
ERROR 2025/10/23 12:16:21 forms_builder.go:109: unable to fetch the template module list: record not found
